<?xml version="1.0" encoding="UTF-8"?>
<testsuite xmlns:xsi="http://www.w3.org/2001/XMLSchema-instance" xsi:noNamespaceSchemaLocation="https://maven.apache.org/surefire/maven-surefire-plugin/xsd/surefire-test-report.xsd" version="3.0.2" name="com.app.quantitymeasurement.QuantityMeasurementAppApplicationTests" time="8.366" tests="1" errors="0" skipped="0" failures="0" flakes="0">
  <properties>
[...]
</properties>
  <testcase name="contextLoads" classname="com.app.quantitymeasurement.QuantityMeasurementAppApplicationTests" time="0.613">
    <system-out><![CDATA[17:20:56.311 [main] INFO org.springframework.test.context.support.AnnotationConfigContextLoaderUtils -- Could not detect default configuration classes for test class [com.app.quantitymeasurement.QuantityMeasurementAppApplicationTests]: QuantityMeasurementAppApplicationTests does not declare any static, non-private, non-final, nested classes annotated with @Configuration.
17:20:56.546 [main] INFO org.springframework.boot.test.context.SpringBootTestContextBootstrapper -- Found @SpringBootConfiguration com.app.quantitymeasurement.QuantityMeasurementAppApplication for test class com.app.quantitymeasurement.QuantityMeasurementAppApplicationTests
17:20:56.783 [main] INFO org.springframework.boot.devtools.restart.RestartApplicationListener -- Restart disabled due to context in which it is running

  .   ____          _            __ _ _
 /\\ / ___'_ __ _ _(_)_ __  __ _ \ \ \ \
( ( )\___ | '_ | '_| | '_ \/ _` | \ \ \ \
 \\/  ___)| |_)| | | | | || (_| |  ) ) ) )
  '  |____| .__|_| |_|_| |_\__, | / / / /
 =========|_|==============|___/=/_/_/_/

 :: Spring Boot ::               (v3.5.12)

2026-03-25T17:20:57.196+05:30  INFO 3092 --- [quantity-measurement-app] [           main] q.QuantityMeasurementAppApplicationTests : Starting QuantityMeasurementAppApplicationTests using Java 21.0.10 with PID 3092 (started by priya in C:\Users\priya\Downloads\quantity-measurement-app)
2026-03-25T17:20:57.198+05:30  INFO 3092 --- [quantity-measurement-app] [           main] q.QuantityMeasurementAppApplicationTests : No active profile set, falling back to 1 default profile: "default"
2026-03-25T17:20:58.618+05:30  INFO 3092 --- [quantity-measurement-app] [           main] .s.d.r.c.RepositoryConfigurationDelegate : Bootstrapping Spring Data JPA repositories in DEFAULT mode.
2026-03-25T17:20:58.723+05:30  INFO 3092 --- [quantity-measurement-app] [           main] .s.d.r.c.RepositoryConfigurationDelegate : Finished Spring Data repository scanning in 81 ms. Found 1 JPA repository interface.
2026-03-25T17:20:59.430+05:30  INFO 3092 --- [quantity-measurement-app] [           main] o.hibernate.jpa.internal.util.LogHelper  : HHH000204: Processing PersistenceUnitInfo [name: default]
2026-03-25T17:20:59.515+05:30  INFO 3092 --- [quantity-measurement-app] [           main] org.hibernate.Version                    : HHH000412: Hibernate ORM core version 6.6.44.Final
2026-03-25T17:20:59.590+05:30  INFO 3092 --- [quantity-measurement-app] [           main] o.h.c.internal.RegionFactoryInitiator    : HHH000026: Second-level cache disabled
2026-03-25T17:21:00.141+05:30  INFO 3092 --- [quantity-measurement-app] [           main] o.s.o.j.p.SpringPersistenceUnitInfo      : No LoadTimeWeaver setup: ignoring JPA class transformer
2026-03-25T17:21:00.195+05:30  INFO 3092 --- [quantity-measurement-app] [           main] com.zaxxer.hikari.HikariDataSource       : HikariPool-1 - Starting...
2026-03-25T17:21:00.413+05:30  INFO 3092 --- [quantity-measurement-app] [           main] com.zaxxer.hikari.pool.HikariPool        : HikariPool-1 - Added connection conn0: url=jdbc:h2:mem:testdb user=SA
2026-03-25T17:21:00.417+05:30  INFO 3092 --- [quantity-measurement-app] [           main] com.zaxxer.hikari.HikariDataSource       : HikariPool-1 - Start completed.
2026-03-25T17:21:00.464+05:30  WARN 3092 --- [quantity-measurement-app] [           main] org.hibernate.orm.deprecation            : HHH90000025: H2Dialect does not need to be specified explicitly using 'hibernate.dialect' (remove the property setting and it will be selected by default)
2026-03-25T17:21:00.523+05:30  INFO 3092 --- [quantity-measurement-app] [           main] org.hibernate.orm.connections.pooling    : HHH10001005: Database info:
	Database JDBC URL [Connecting through datasource 'HikariDataSource (HikariPool-1)']
	Database driver: undefined/unknown
	Database version: 2.3.232
	Autocommit mode: undefined/unknown
	Isolation level: undefined/unknown
	Minimum pool size: undefined/unknown
	Maximum pool size: undefined/unknown
2026-03-25T17:21:01.813+05:30  INFO 3092 --- [quantity-measurement-app] [           main] o.h.e.t.j.p.i.JtaPlatformInitiator       : HHH000489: No JTA platform available (set 'hibernate.transaction.jta.platform' to enable JTA platform integration)
2026-03-25T17:21:01.912+05:30  INFO 3092 --- [quantity-measurement-app] [           main] j.LocalContainerEntityManagerFactoryBean : Initialized JPA EntityManagerFactory for persistence unit 'default'
2026-03-25T17:21:02.601+05:30  WARN 3092 --- [quantity-measurement-app] [           main] JpaBaseConfiguration$JpaWebConfiguration : spring.jpa.open-in-view is enabled by default. Therefore, database queries may be performed during view rendering. Explicitly configure spring.jpa.open-in-view to disable this warning
2026-03-25T17:21:03.318+05:30  INFO 3092 --- [quantity-measurement-app] [           main] o.s.b.a.h2.H2ConsoleAutoConfiguration    : H2 console available at '/h2-console'. Database available at 'jdbc:h2:mem:testdb'
2026-03-25T17:21:03.459+05:30  INFO 3092 --- [quantity-measurement-app] [           main] q.QuantityMeasurementAppApplicationTests : Started QuantityMeasurementAppApplicationTests in 6.7 seconds (process running for 8.738)
2026-03-25T17:21:03.465+05:30  WARN 3092 --- [quantity-measurement-app] [           main] o.s.core.events.SpringDocAppInitializer  : SpringDoc /v3/api-docs endpoint is enabled by default. To disable it in production, set the property 'springdoc.api-docs.enabled=false'
2026-03-25T17:21:03.467+05:30  WARN 3092 --- [quantity-measurement-app] [           main] o.s.core.events.SpringDocAppInitializer  : SpringDoc /swagger-ui.html endpoint is enabled by default. To disable it in production, set the property 'springdoc.swagger-ui.enabled=false'
]]></system-out>
    <system-err><![CDATA[Mockito is currently self-attaching to enable the inline-mock-maker. This will no longer work in future releases of the JDK. Please add Mockito as an agent to your build as described in Mockito's documentation: https://javadoc.io/doc/org.mockito/mockito-core/latest/org.mockito/org/mockito/Mockito.html#0.3
WARNING: A Java agent has been loaded dynamically (C:\Users\priya\.m2\repository\net\bytebuddy\byte-buddy-agent\1.17.8\byte-buddy-agent-1.17.8.jar)
WARNING: If a serviceability tool is in use, please run with -XX:+EnableDynamicAgentLoading to hide this warning
WARNING: If a serviceability tool is not in use, please run with -Djdk.instrument.traceUsage for more information
WARNING: Dynamic loading of agents will be disallowed by default in a future release
]]></system-err>
  </testcase>
</testsuite>